This is pdfTeX, Version 3.14159265-2.6-1.40.18 (MiKTeX 2.9.6300 64-bit) (preloaded format=pdflatex 2017.5.20)  20 MAY 2017 12:45
entering extended mode
**./README.tex
(README.tex
LaTeX2e <2017-04-15>
Babel <3.9r> and hyphenation patterns for 75 language(s) loaded.

("C:\Users\Owner\AppData\Local\Programs\MiKTeX 2.9\tex\latex\koma-script\scrart
cl.cls"
Document Class: scrartcl 2017/04/13 v3.23 KOMA-Script document class (article)

("C:\Users\Owner\AppData\Local\Programs\MiKTeX 2.9\tex\latex\koma-script\scrkba
se.sty"
Package: scrkbase 2017/04/13 v3.23 KOMA-Script package (KOMA-Script-dependent b
asics and keyval usage)

("C:\Users\Owner\AppData\Local\Programs\MiKTeX 2.9\tex\latex\koma-script\scrbas
e.sty"
Package: scrbase 2017/04/13 v3.23 KOMA-Script package (KOMA-Script-independent 
basics and keyval usage)

("C:\Users\Owner\AppData\Local\Programs\MiKTeX 2.9\tex\latex\graphics\keyval.st
y"
Package: keyval 2014/10/28 v1.15 key=value parser (DPC)
\KV@toks@=\toks14
)
("C:\Users\Owner\AppData\Local\Programs\MiKTeX 2.9\tex\latex\koma-script\scrlfi
le.sty"
Package: scrlfile 2017/04/13 v3.23 KOMA-Script package (loading files)

Package scrlfile, 2017/04/13 v3.23 KOMA-Script package (loading files)
                  Copyright (C) Markus Kohm

)))
("C:\Users\Owner\AppData\Local\Programs\MiKTeX 2.9\tex\latex\koma-script\tocbas
ic.sty"
Package: tocbasic 2017/04/13 v3.23 KOMA-Script package (handling toc-files)
\scr@dte@tocline@numberwidth=\skip41
\scr@dte@tocline@numbox=\box26
)
Package tocbasic Info: omitting babel extension for `toc'
(tocbasic)             because of feature `nobabel' available
(tocbasic)             for `toc' on input line 131.
Package tocbasic Info: omitting babel extension for `lof'
(tocbasic)             because of feature `nobabel' available
(tocbasic)             for `lof' on input line 133.
Package tocbasic Info: omitting babel extension for `lot'
(tocbasic)             because of feature `nobabel' available
(tocbasic)             for `lot' on input line 134.
Class scrartcl Info: File `scrsize11pt.clo' used to setup font sizes on input l
ine 2059.

("C:\Users\Owner\AppData\Local\Programs\MiKTeX 2.9\tex\latex\koma-script\scrsiz
e11pt.clo"
File: scrsize11pt.clo 2017/04/13 v3.23 KOMA-Script font size class option (11pt
)
)
("C:\Users\Owner\AppData\Local\Programs\MiKTeX 2.9\tex\latex\koma-script\typear
ea.sty"
Package: typearea 2017/04/13 v3.23 KOMA-Script package (type area)
\ta@bcor=\skip42
\ta@div=\count79
\ta@hblk=\skip43
\ta@vblk=\skip44
\ta@temp=\skip45
\footheight=\skip46
Package typearea Info: These are the values describing the layout:
(typearea)             DIV  = 10
(typearea)             BCOR = 0.0pt
(typearea)             \paperwidth      = 597.50793pt
(typearea)              \textwidth      = 418.25555pt
(typearea)              DIV departure   = -6%
(typearea)              \evensidemargin = 17.3562pt
(typearea)              \oddsidemargin  = 17.3562pt
(typearea)             \paperheight     = 845.04694pt
(typearea)              \textheight     = 595.80026pt
(typearea)              \topmargin      = -25.16531pt
(typearea)              \headheight     = 17.0pt
(typearea)              \headsep        = 20.40001pt
(typearea)              \topskip        = 11.0pt
(typearea)              \footskip       = 47.6pt
(typearea)              \baselineskip   = 13.6pt
(typearea)              on input line 1647.
)
\c@part=\count80
\c@section=\count81
\c@subsection=\count82
\c@subsubsection=\count83
\c@paragraph=\count84
\c@subparagraph=\count85
\scr@dte@part@maxnumwidth=\skip47
\scr@dte@section@maxnumwidth=\skip48
\scr@dte@subsection@maxnumwidth=\skip49
\scr@dte@subsubsection@maxnumwidth=\skip50
\scr@dte@paragraph@maxnumwidth=\skip51
\scr@dte@subparagraph@maxnumwidth=\skip52
LaTeX Info: Redefining \textsubscript on input line 4094.
\abovecaptionskip=\skip53
\belowcaptionskip=\skip54
\c@pti@nb@sid@b@x=\box27
\c@figure=\count86
\c@table=\count87
Class scrartcl Info: Redefining `\numberline' on input line 5233.
\bibindent=\dimen102
)
("C:\Users\Owner\AppData\Local\Programs\MiKTeX 2.9\tex\latex\base\fontenc.sty"
Package: fontenc 2017/04/05 v2.0i Standard LaTeX package

("C:\Users\Owner\AppData\Local\Programs\MiKTeX 2.9\tex\latex\base\t1enc.def"
File: t1enc.def 2017/04/05 v2.0i Standard LaTeX file
LaTeX Font Info:    Redeclaring font encoding T1 on input line 48.
))
("C:\Users\Owner\AppData\Local\Programs\MiKTeX 2.9\tex\latex\fourier\fourier.st
y"
Package: fourier 2005/01/01 1.4 fourier-GUTenberg package
 ("C:\Users\Owner\AppData\Local\Programs\MiKTeX 2.9\tex\latex\base\fontenc.sty"
Package: fontenc 2017/04/05 v2.0i Standard LaTeX package
 ("C:\Users\Owner\AppData\Local\Programs\MiKTeX 2.9\tex\latex\base\t1enc.def"
File: t1enc.def 2017/04/05 v2.0i Standard LaTeX file
LaTeX Font Info:    Redeclaring font encoding T1 on input line 48.
))
("C:\Users\Owner\AppData\Local\Programs\MiKTeX 2.9\tex\latex\base\textcomp.sty"
Package: textcomp 2017/04/05 v2.0i Standard LaTeX package
Package textcomp Info: Sub-encoding information:
(textcomp)               5 = only ISO-Adobe without \textcurrency
(textcomp)               4 = 5 + \texteuro
(textcomp)               3 = 4 + \textohm
(textcomp)               2 = 3 + \textestimated + \textcurrency
(textcomp)               1 = TS1 - \textcircled - \t
(textcomp)               0 = TS1 (full)
(textcomp)             Font families with sub-encoding setting implement
(textcomp)             only a restricted character set as indicated.
(textcomp)             Family '?' is the default used for unknown fonts.
(textcomp)             See the documentation for details.
Package textcomp Info: Setting ? sub-encoding to TS1/1 on input line 79.
("C:\Users\Owner\AppData\Local\Programs\MiKTeX 2.9\tex\latex\base\ts1enc.def"
File: ts1enc.def 2001/06/05 v3.0e (jk/car/fm) Standard LaTeX file
)
LaTeX Info: Redefining \oldstylenums on input line 334.
Package textcomp Info: Setting cmr sub-encoding to TS1/0 on input line 349.
Package textcomp Info: Setting cmss sub-encoding to TS1/0 on input line 350.
Package textcomp Info: Setting cmtt sub-encoding to TS1/0 on input line 351.
Package textcomp Info: Setting cmvtt sub-encoding to TS1/0 on input line 352.
Package textcomp Info: Setting cmbr sub-encoding to TS1/0 on input line 353.
Package textcomp Info: Setting cmtl sub-encoding to TS1/0 on input line 354.
Package textcomp Info: Setting ccr sub-encoding to TS1/0 on input line 355.
Package textcomp Info: Setting ptm sub-encoding to TS1/4 on input line 356.
Package textcomp Info: Setting pcr sub-encoding to TS1/4 on input line 357.
Package textcomp Info: Setting phv sub-encoding to TS1/4 on input line 358.
Package textcomp Info: Setting ppl sub-encoding to TS1/3 on input line 359.
Package textcomp Info: Setting pag sub-encoding to TS1/4 on input line 360.
Package textcomp Info: Setting pbk sub-encoding to TS1/4 on input line 361.
Package textcomp Info: Setting pnc sub-encoding to TS1/4 on input line 362.
Package textcomp Info: Setting pzc sub-encoding to TS1/4 on input line 363.
Package textcomp Info: Setting bch sub-encoding to TS1/4 on input line 364.
Package textcomp Info: Setting put sub-encoding to TS1/5 on input line 365.
Package textcomp Info: Setting uag sub-encoding to TS1/5 on input line 366.
Package textcomp Info: Setting ugq sub-encoding to TS1/5 on input line 367.
Package textcomp Info: Setting ul8 sub-encoding to TS1/4 on input line 368.
Package textcomp Info: Setting ul9 sub-encoding to TS1/4 on input line 369.
Package textcomp Info: Setting augie sub-encoding to TS1/5 on input line 370.
Package textcomp Info: Setting dayrom sub-encoding to TS1/3 on input line 371.
Package textcomp Info: Setting dayroms sub-encoding to TS1/3 on input line 372.

Package textcomp Info: Setting pxr sub-encoding to TS1/0 on input line 373.
Package textcomp Info: Setting pxss sub-encoding to TS1/0 on input line 374.
Package textcomp Info: Setting pxtt sub-encoding to TS1/0 on input line 375.
Package textcomp Info: Setting txr sub-encoding to TS1/0 on input line 376.
Package textcomp Info: Setting txss sub-encoding to TS1/0 on input line 377.
Package textcomp Info: Setting txtt sub-encoding to TS1/0 on input line 378.
Package textcomp Info: Setting lmr sub-encoding to TS1/0 on input line 379.
Package textcomp Info: Setting lmdh sub-encoding to TS1/0 on input line 380.
Package textcomp Info: Setting lmss sub-encoding to TS1/0 on input line 381.
Package textcomp Info: Setting lmssq sub-encoding to TS1/0 on input line 382.
Package textcomp Info: Setting lmvtt sub-encoding to TS1/0 on input line 383.
Package textcomp Info: Setting lmtt sub-encoding to TS1/0 on input line 384.
Package textcomp Info: Setting qhv sub-encoding to TS1/0 on input line 385.
Package textcomp Info: Setting qag sub-encoding to TS1/0 on input line 386.
Package textcomp Info: Setting qbk sub-encoding to TS1/0 on input line 387.
Package textcomp Info: Setting qcr sub-encoding to TS1/0 on input line 388.
Package textcomp Info: Setting qcs sub-encoding to TS1/0 on input line 389.
Package textcomp Info: Setting qpl sub-encoding to TS1/0 on input line 390.
Package textcomp Info: Setting qtm sub-encoding to TS1/0 on input line 391.
Package textcomp Info: Setting qzc sub-encoding to TS1/0 on input line 392.
Package textcomp Info: Setting qhvc sub-encoding to TS1/0 on input line 393.
Package textcomp Info: Setting futs sub-encoding to TS1/4 on input line 394.
Package textcomp Info: Setting futx sub-encoding to TS1/4 on input line 395.
Package textcomp Info: Setting futj sub-encoding to TS1/4 on input line 396.
Package textcomp Info: Setting hlh sub-encoding to TS1/3 on input line 397.
Package textcomp Info: Setting hls sub-encoding to TS1/3 on input line 398.
Package textcomp Info: Setting hlst sub-encoding to TS1/3 on input line 399.
Package textcomp Info: Setting hlct sub-encoding to TS1/5 on input line 400.
Package textcomp Info: Setting hlx sub-encoding to TS1/5 on input line 401.
Package textcomp Info: Setting hlce sub-encoding to TS1/5 on input line 402.
Package textcomp Info: Setting hlcn sub-encoding to TS1/5 on input line 403.
Package textcomp Info: Setting hlcw sub-encoding to TS1/5 on input line 404.
Package textcomp Info: Setting hlcf sub-encoding to TS1/5 on input line 405.
Package textcomp Info: Setting pplx sub-encoding to TS1/3 on input line 406.
Package textcomp Info: Setting pplj sub-encoding to TS1/3 on input line 407.
Package textcomp Info: Setting ptmx sub-encoding to TS1/4 on input line 408.
Package textcomp Info: Setting ptmj sub-encoding to TS1/4 on input line 409.
)
("C:\Users\Owner\AppData\Local\Programs\MiKTeX 2.9\tex\latex\fourier\fourier-or
ns.sty"
Package: fourier-orns 2004/01/30 1.1 fourier-ornaments package
)
LaTeX Font Info:    Redeclaring symbol font `operators' on input line 50.
LaTeX Font Info:    Encoding `OT1' has changed to `T1' for symbol font
(Font)              `operators' in the math version `normal' on input line 50.
LaTeX Font Info:    Overwriting symbol font `operators' in version `normal'
(Font)                  OT1/cmr/m/n --> T1/futs/m/n on input line 50.
LaTeX Font Info:    Encoding `OT1' has changed to `T1' for symbol font
(Font)              `operators' in the math version `bold' on input line 50.
LaTeX Font Info:    Overwriting symbol font `operators' in version `bold'
(Font)                  OT1/cmr/bx/n --> T1/futs/m/n on input line 50.
LaTeX Font Info:    Overwriting symbol font `operators' in version `bold'
(Font)                  T1/futs/m/n --> T1/futs/b/n on input line 51.
LaTeX Font Info:    Redeclaring symbol font `letters' on input line 59.
LaTeX Font Info:    Encoding `OML' has changed to `FML' for symbol font
(Font)              `letters' in the math version `normal' on input line 59.
LaTeX Font Info:    Overwriting symbol font `letters' in version `normal'
(Font)                  OML/cmm/m/it --> FML/futmi/m/it on input line 59.
LaTeX Font Info:    Encoding `OML' has changed to `FML' for symbol font
(Font)              `letters' in the math version `bold' on input line 59.
LaTeX Font Info:    Overwriting symbol font `letters' in version `bold'
(Font)                  OML/cmm/b/it --> FML/futmi/m/it on input line 59.
\symotherletters=\mathgroup4
LaTeX Font Info:    Overwriting symbol font `letters' in version `bold'
(Font)                  FML/futmi/m/it --> FML/futmi/b/it on input line 61.
LaTeX Font Info:    Overwriting symbol font `otherletters' in version `bold'
(Font)                  FML/futm/m/it --> FML/futm/b/it on input line 62.
LaTeX Font Info:    Redeclaring math symbol \Gamma on input line 63.
LaTeX Font Info:    Redeclaring math symbol \Delta on input line 64.
LaTeX Font Info:    Redeclaring math symbol \Theta on input line 65.
LaTeX Font Info:    Redeclaring math symbol \Lambda on input line 66.
LaTeX Font Info:    Redeclaring math symbol \Xi on input line 67.
LaTeX Font Info:    Redeclaring math symbol \Pi on input line 68.
LaTeX Font Info:    Redeclaring math symbol \Sigma on input line 69.
LaTeX Font Info:    Redeclaring math symbol \Upsilon on input line 70.
LaTeX Font Info:    Redeclaring math symbol \Phi on input line 71.
LaTeX Font Info:    Redeclaring math symbol \Psi on input line 72.
LaTeX Font Info:    Redeclaring math symbol \Omega on input line 73.
LaTeX Font Info:    Redeclaring symbol font `symbols' on input line 113.
LaTeX Font Info:    Encoding `OMS' has changed to `FMS' for symbol font
(Font)              `symbols' in the math version `normal' on input line 113.
LaTeX Font Info:    Overwriting symbol font `symbols' in version `normal'
(Font)                  OMS/cmsy/m/n --> FMS/futm/m/n on input line 113.
LaTeX Font Info:    Encoding `OMS' has changed to `FMS' for symbol font
(Font)              `symbols' in the math version `bold' on input line 113.
LaTeX Font Info:    Overwriting symbol font `symbols' in version `bold'
(Font)                  OMS/cmsy/b/n --> FMS/futm/m/n on input line 113.
LaTeX Font Info:    Redeclaring symbol font `largesymbols' on input line 114.
LaTeX Font Info:    Encoding `OMX' has changed to `FMX' for symbol font
(Font)              `largesymbols' in the math version `normal' on input line 1
14.
LaTeX Font Info:    Overwriting symbol font `largesymbols' in version `normal'
(Font)                  OMX/cmex/m/n --> FMX/futm/m/n on input line 114.
LaTeX Font Info:    Encoding `OMX' has changed to `FMX' for symbol font
(Font)              `largesymbols' in the math version `bold' on input line 114
.
LaTeX Font Info:    Overwriting symbol font `largesymbols' in version `bold'
(Font)                  OMX/cmex/m/n --> FMX/futm/m/n on input line 114.
LaTeX Font Info:    Redeclaring math alphabet \mathbf on input line 115.
LaTeX Font Info:    Overwriting math alphabet `\mathbf' in version `normal'
(Font)                  OT1/cmr/bx/n --> T1/futs/bx/n on input line 115.
LaTeX Font Info:    Overwriting math alphabet `\mathbf' in version `bold'
(Font)                  OT1/cmr/bx/n --> T1/futs/bx/n on input line 115.
LaTeX Font Info:    Redeclaring math alphabet \mathrm on input line 116.
LaTeX Font Info:    Redeclaring math alphabet \mathit on input line 117.
LaTeX Font Info:    Overwriting math alphabet `\mathit' in version `normal'
(Font)                  OT1/cmr/m/it --> T1/futs/m/it on input line 117.
LaTeX Font Info:    Overwriting math alphabet `\mathit' in version `bold'
(Font)                  OT1/cmr/bx/it --> T1/futs/m/it on input line 117.
LaTeX Font Info:    Redeclaring math alphabet \mathcal on input line 118.
LaTeX Font Info:    Redeclaring math symbol \parallel on input line 134.
LaTeX Font Info:    Redeclaring math symbol \hbar on input line 148.
LaTeX Font Info:    Redeclaring math symbol \varkappa on input line 186.
LaTeX Font Info:    Redeclaring math symbol \varvarrho on input line 187.
LaTeX Font Info:    Redeclaring math delimiter \Vert on input line 210.
LaTeX Font Info:    Redeclaring math delimiter \vert on input line 215.
LaTeX Font Info:    Redeclaring math delimiter \Downarrow on input line 225.
LaTeX Font Info:    Redeclaring math delimiter \backslash on input line 227.
LaTeX Font Info:    Redeclaring math delimiter \rangle on input line 229.
LaTeX Font Info:    Redeclaring math delimiter \langle on input line 231.
LaTeX Font Info:    Redeclaring math delimiter \rbrace on input line 233.
LaTeX Font Info:    Redeclaring math delimiter \lbrace on input line 235.
LaTeX Font Info:    Redeclaring math delimiter \rceil on input line 237.
LaTeX Font Info:    Redeclaring math delimiter \lceil on input line 239.
LaTeX Font Info:    Redeclaring math delimiter \rfloor on input line 241.
LaTeX Font Info:    Redeclaring math delimiter \lfloor on input line 243.
LaTeX Font Info:    Redeclaring math accent \acute on input line 247.
LaTeX Font Info:    Redeclaring math accent \grave on input line 248.
LaTeX Font Info:    Redeclaring math accent \ddot on input line 249.
LaTeX Font Info:    Redeclaring math accent \tilde on input line 250.
LaTeX Font Info:    Redeclaring math accent \bar on input line 251.
LaTeX Font Info:    Redeclaring math accent \breve on input line 252.
LaTeX Font Info:    Redeclaring math accent \check on input line 253.
LaTeX Font Info:    Redeclaring math accent \hat on input line 254.
LaTeX Font Info:    Redeclaring math accent \dot on input line 255.
LaTeX Font Info:    Redeclaring math accent \mathring on input line 256.
\symUfutm=\mathgroup5
)
("C:\Users\Owner\AppData\Local\Programs\MiKTeX 2.9\tex\generic\babel\babel.sty"
Package: babel 2016/04/23 3.9r The Babel package
*************************************
* Local config file bblopts.cfg used
*
("C:\Users\Owner\AppData\Local\Programs\MiKTeX 2.9\tex\latex\arabi\bblopts.cfg"
File: bblopts.cfg 2005/09/08 v0.1 add Arabic and Farsi to "declared" options of
 babel
)
("C:\Users\Owner\AppData\Local\Programs\MiKTeX 2.9\tex\latex\babel-english\engl
ish.ldf"
Language: english 2017/01/24 v3.3q English support from the babel system

("C:\Users\Owner\AppData\Local\Programs\MiKTeX 2.9\tex\generic\babel\babel.def"
File: babel.def 2016/04/23 3.9r Babel common definitions
\babel@savecnt=\count88
\U@D=\dimen103
)
\l@canadian = a dialect from \language\l@american 
\l@australian = a dialect from \language\l@british 
\l@newzealand = a dialect from \language\l@british 
))
("C:\Users\Owner\AppData\Local\Programs\MiKTeX 2.9\tex\latex\amsmath\amsmath.st
y"
Package: amsmath 2016/11/05 v2.16a AMS math features
\@mathmargin=\skip55

For additional information on amsmath, use the `?' option.

("C:\Users\Owner\AppData\Local\Programs\MiKTeX 2.9\tex\latex\amsmath\amstext.st
y"
Package: amstext 2000/06/29 v2.01 AMS text

("C:\Users\Owner\AppData\Local\Programs\MiKTeX 2.9\tex\latex\amsmath\amsgen.sty
"
File: amsgen.sty 1999/11/30 v2.0 generic functions
\@emptytoks=\toks15
\ex@=\dimen104
))
("C:\Users\Owner\AppData\Local\Programs\MiKTeX 2.9\tex\latex\amsmath\amsbsy.sty
"
Package: amsbsy 1999/11/29 v1.2d Bold Symbols
\pmbraise@=\dimen105
)
("C:\Users\Owner\AppData\Local\Programs\MiKTeX 2.9\tex\latex\amsmath\amsopn.sty
"
Package: amsopn 2016/03/08 v2.02 operator names
)
\inf@bad=\count89
LaTeX Info: Redefining \frac on input line 213.
\uproot@=\count90
\leftroot@=\count91
LaTeX Info: Redefining \overline on input line 375.
\classnum@=\count92
\DOTSCASE@=\count93
LaTeX Info: Redefining \ldots on input line 472.
LaTeX Info: Redefining \dots on input line 475.
LaTeX Info: Redefining \cdots on input line 596.
\Mathstrutbox@=\box28
\strutbox@=\box29
\big@size=\dimen106
LaTeX Font Info:    Redeclaring font encoding OML on input line 712.
LaTeX Font Info:    Redeclaring font encoding OMS on input line 713.
\macc@depth=\count94
\c@MaxMatrixCols=\count95
\dotsspace@=\muskip10
\c@parentequation=\count96
\dspbrk@lvl=\count97
\tag@help=\toks16
\row@=\count98
\column@=\count99
\maxfields@=\count100
\andhelp@=\toks17
\eqnshift@=\dimen107
\alignsep@=\dimen108
\tagshift@=\dimen109
\tagwidth@=\dimen110
\totwidth@=\dimen111
\lineht@=\dimen112
\@envbody=\toks18
\multlinegap=\skip56
\multlinetaggap=\skip57
\mathdisplay@stack=\toks19
LaTeX Info: Redefining \[ on input line 2817.
LaTeX Info: Redefining \] on input line 2818.
)
("C:\Users\Owner\AppData\Local\Programs\MiKTeX 2.9\tex\latex\amsfonts\amsfonts.
sty"
Package: amsfonts 2013/01/14 v3.01 Basic AMSFonts support
\symAMSa=\mathgroup6
\symAMSb=\mathgroup7
LaTeX Font Info:    Overwriting math alphabet `\mathfrak' in version `bold'
(Font)                  U/euf/m/n --> U/euf/b/n on input line 106.
LaTeX Font Info:    Redeclaring math symbol \square on input line 141.
)
("C:\Users\Owner\AppData\Local\Programs\MiKTeX 2.9\tex\latex\amscls\amsthm.sty"
Package: amsthm 2015/03/04 v2.20.2
\thm@style=\toks20
\thm@bodyfont=\toks21
\thm@headfont=\toks22
\thm@notefont=\toks23
\thm@headpunct=\toks24
\thm@preskip=\skip58
\thm@postskip=\skip59
\thm@headsep=\skip60
\dth@everypar=\toks25
) ("C:\Users\Owner\AppData\Local\Programs\MiKTeX 2.9\tex\latex\lipsum\lipsum.st
y"
Package: lipsum 2014/07/27 v1.3 150 paragraphs of Lorem Ipsum dummy text
\c@lips@count=\count101
)
("C:\Users\Owner\AppData\Local\Programs\MiKTeX 2.9\tex\latex\sectsty\sectsty.st
y"
Package: sectsty 2002/02/25 v2.0.2 Commands to change all sectional heading sty
les
)

Class scrartcl Warning: Usage of package `fancyhdr' together
(scrartcl)              with a KOMA-Script class is not recommended.
(scrartcl)              I'd suggest to use 
(scrartcl)              package `scrlayer-scrpage'.
(scrartcl)              Nevertheless, using requested
(scrartcl)              package `fancyhdr' on input line 34.


("C:\Users\Owner\AppData\Local\Programs\MiKTeX 2.9\tex\latex\fancyhdr\fancyhdr.
sty"
Package: fancyhdr 2016/09/06 3.8 Extensive control of page headers and footers
\fancy@headwidth=\skip61
\f@ncyO@elh=\skip62
\f@ncyO@erh=\skip63
\f@ncyO@olh=\skip64
\f@ncyO@orh=\skip65
\f@ncyO@elf=\skip66
\f@ncyO@erf=\skip67
\f@ncyO@olf=\skip68
\f@ncyO@orf=\skip69
)
("C:\Users\Owner\AppData\Local\Programs\MiKTeX 2.9\tex\latex\commath\commath.st
y" ("C:\Users\Owner\AppData\Local\Programs\MiKTeX 2.9\tex\latex\base\ifthen.sty
"
Package: ifthen 2014/09/29 v1.1c Standard LaTeX ifthen package (DPC)
))
("C:\Users\Owner\AppData\Local\Programs\MiKTeX 2.9\tex\latex\mathtools\mathtool
s.sty"
Package: mathtools 2015/11/12 v1.18 mathematical typesetting tools

("C:\Users\Owner\AppData\Local\Programs\MiKTeX 2.9\tex\latex\tools\calc.sty"
Package: calc 2014/10/28 v4.3 Infix arithmetic (KKT,FJ)
\calc@Acount=\count102
\calc@Bcount=\count103
\calc@Adimen=\dimen113
\calc@Bdimen=\dimen114
\calc@Askip=\skip70
\calc@Bskip=\skip71
LaTeX Info: Redefining \setlength on input line 80.
LaTeX Info: Redefining \addtolength on input line 81.
\calc@Ccount=\count104
\calc@Cskip=\skip72
)
("C:\Users\Owner\AppData\Local\Programs\MiKTeX 2.9\tex\latex\mathtools\mhsetup.
sty"
Package: mhsetup 2010/01/21 v1.2a programming setup (MH)
)
LaTeX Info: Thecontrolsequence`\('isalreadyrobust on input line 129.
LaTeX Info: Thecontrolsequence`\)'isalreadyrobust on input line 129.
LaTeX Info: Thecontrolsequence`\['isalreadyrobust on input line 129.
LaTeX Info: Thecontrolsequence`\]'isalreadyrobust on input line 129.
\g_MT_multlinerow_int=\count105
\l_MT_multwidth_dim=\dimen115
\origjot=\skip73
\l_MT_shortvdotswithinadjustabove_dim=\dimen116
\l_MT_shortvdotswithinadjustbelow_dim=\dimen117
\l_MT_above_intertext_sep=\dimen118
\l_MT_below_intertext_sep=\dimen119
\l_MT_above_shortintertext_sep=\dimen120
\l_MT_below_shortintertext_sep=\dimen121
)
("C:\Users\Owner\AppData\Local\Programs\MiKTeX 2.9\tex\latex\graphics\graphicx.
sty"
Package: graphicx 2014/10/28 v1.0g Enhanced LaTeX Graphics (DPC,SPQR)

("C:\Users\Owner\AppData\Local\Programs\MiKTeX 2.9\tex\latex\graphics\graphics.
sty"
Package: graphics 2017/04/14 v1.1b Standard LaTeX Graphics (DPC,SPQR)

("C:\Users\Owner\AppData\Local\Programs\MiKTeX 2.9\tex\latex\graphics\trig.sty"
Package: trig 2016/01/03 v1.10 sin cos tan (DPC)
)
("C:\Users\Owner\AppData\Local\Programs\MiKTeX 2.9\tex\latex\graphics-cfg\graph
ics.cfg"
File: graphics.cfg 2016/06/04 v1.11 sample graphics configuration
)
Package graphics Info: Driver file: pdftex.def on input line 99.

("C:\Users\Owner\AppData\Local\Programs\MiKTeX 2.9\tex\latex\graphics-def\pdfte
x.def"
File: pdftex.def 2017/01/12 v0.06k Graphics/color for pdfTeX

("C:\Users\Owner\AppData\Local\Programs\MiKTeX 2.9\tex\generic\oberdiek\infware
rr.sty"
Package: infwarerr 2016/05/16 v1.4 Providing info/warning/error messages (HO)
)
("C:\Users\Owner\AppData\Local\Programs\MiKTeX 2.9\tex\generic\oberdiek\ltxcmds
.sty"
Package: ltxcmds 2016/05/16 v1.23 LaTeX kernel commands for general use (HO)
)
\Gread@gobject=\count106
))
\Gin@req@height=\dimen122
\Gin@req@width=\dimen123
)
("C:\Users\Owner\AppData\Local\Programs\MiKTeX 2.9\tex\latex\algorithms\algorit
hm.sty"
Package: algorithm 2009/08/24 v0.1 Document Style `algorithm' - floating enviro
nment

("C:\Users\Owner\AppData\Local\Programs\MiKTeX 2.9\tex\latex\float\float.sty"
Package: float 2001/11/08 v1.3d Float enhancements (AL)
\c@float@type=\count107
\float@exts=\toks26
\float@box=\box30
\@float@everytoks=\toks27
\@floatcapt=\box31
)
\@float@every@algorithm=\toks28
\c@algorithm=\count108
)
("C:\Users\Owner\AppData\Local\Programs\MiKTeX 2.9\tex\latex\algorithmicx\algps
eudocode.sty"
Package: algpseudocode 

("C:\Users\Owner\AppData\Local\Programs\MiKTeX 2.9\tex\latex\algorithmicx\algor
ithmicx.sty"
Package: algorithmicx 2005/04/27 v1.2 Algorithmicx

Document Style algorithmicx 1.2 - a greatly improved `algorithmic' style
\c@ALG@line=\count109
\c@ALG@rem=\count110
\c@ALG@nested=\count111
\ALG@tlm=\skip74
\ALG@thistlm=\skip75
\c@ALG@Lnr=\count112
\c@ALG@blocknr=\count113
\c@ALG@storecount=\count114
\c@ALG@tmpcounter=\count115
\ALG@tmplength=\skip76
)
Document Style - pseudocode environments for use with the `algorithmicx' style
)
("C:\Users\Owner\AppData\Local\Programs\MiKTeX 2.9\tex\latex\pgfplots\pgfplots.
sty"
("C:\Users\Owner\AppData\Local\Programs\MiKTeX 2.9\tex\generic\pgfplots\pgfplot
s.revision.tex")
Package: pgfplots 2016/08/10 v1.14 Data Visualization (1.14)

("C:\Users\Owner\AppData\Local\Programs\MiKTeX 2.9\tex\latex\pgf\frontendlayer\
tikz.sty"
("C:\Users\Owner\AppData\Local\Programs\MiKTeX 2.9\tex\latex\pgf\basiclayer\pgf
.sty"
("C:\Users\Owner\AppData\Local\Programs\MiKTeX 2.9\tex\latex\pgf\utilities\pgfr
cs.sty"
("C:\Users\Owner\AppData\Local\Programs\MiKTeX 2.9\tex\generic\pgf\utilities\pg
futil-common.tex"
\pgfutil@everybye=\toks29
\pgfutil@tempdima=\dimen124
\pgfutil@tempdimb=\dimen125

("C:\Users\Owner\AppData\Local\Programs\MiKTeX 2.9\tex\generic\pgf\utilities\pg
futil-common-lists.tex"))
("C:\Users\Owner\AppData\Local\Programs\MiKTeX 2.9\tex\generic\pgf\utilities\pg
futil-latex.def"
\pgfutil@abb=\box32

("C:\Users\Owner\AppData\Local\Programs\MiKTeX 2.9\tex\latex\ms\everyshi.sty"
Package: everyshi 2001/05/15 v3.00 EveryShipout Package (MS)
))
("C:\Users\Owner\AppData\Local\Programs\MiKTeX 2.9\tex\generic\pgf\utilities\pg
frcs.code.tex"
Package: pgfrcs 2015/08/07 v3.0.1a (rcs-revision 1.31)
))
Package: pgf 2015/08/07 v3.0.1a (rcs-revision 1.15)

("C:\Users\Owner\AppData\Local\Programs\MiKTeX 2.9\tex\latex\pgf\basiclayer\pgf
core.sty"
("C:\Users\Owner\AppData\Local\Programs\MiKTeX 2.9\tex\latex\pgf\systemlayer\pg
fsys.sty"
("C:\Users\Owner\AppData\Local\Programs\MiKTeX 2.9\tex\generic\pgf\systemlayer\
pgfsys.code.tex"
Package: pgfsys 2014/07/09 v3.0.1a (rcs-revision 1.48)

("C:\Users\Owner\AppData\Local\Programs\MiKTeX 2.9\tex\generic\pgf\utilities\pg
fkeys.code.tex"
\pgfkeys@pathtoks=\toks30
\pgfkeys@temptoks=\toks31

("C:\Users\Owner\AppData\Local\Programs\MiKTeX 2.9\tex\generic\pgf\utilities\pg
fkeysfiltered.code.tex"
\pgfkeys@tmptoks=\toks32
))
\pgf@x=\dimen126
\pgf@y=\dimen127
\pgf@xa=\dimen128
\pgf@ya=\dimen129
\pgf@xb=\dimen130
\pgf@yb=\dimen131
\pgf@xc=\dimen132
\pgf@yc=\dimen133
\w@pgf@writea=\write3
\r@pgf@reada=\read1
\c@pgf@counta=\count116
\c@pgf@countb=\count117
\c@pgf@countc=\count118
\c@pgf@countd=\count119
\t@pgf@toka=\toks33
\t@pgf@tokb=\toks34
\t@pgf@tokc=\toks35

("C:\Users\Owner\AppData\Local\Programs\MiKTeX 2.9\tex\generic\pgf\systemlayer\
pgf.cfg"
File: pgf.cfg 2008/05/14  (rcs-revision 1.7)
)
Driver file for pgf: pgfsys-pdftex.def

("C:\Users\Owner\AppData\Local\Programs\MiKTeX 2.9\tex\generic\pgf\systemlayer\
pgfsys-pdftex.def"
File: pgfsys-pdftex.def 2014/10/11  (rcs-revision 1.35)

("C:\Users\Owner\AppData\Local\Programs\MiKTeX 2.9\tex\generic\pgf\systemlayer\
pgfsys-common-pdf.def"
File: pgfsys-common-pdf.def 2013/10/10  (rcs-revision 1.13)
)))
("C:\Users\Owner\AppData\Local\Programs\MiKTeX 2.9\tex\generic\pgf\systemlayer\
pgfsyssoftpath.code.tex"
File: pgfsyssoftpath.code.tex 2013/09/09  (rcs-revision 1.9)
\pgfsyssoftpath@smallbuffer@items=\count120
\pgfsyssoftpath@bigbuffer@items=\count121
)
("C:\Users\Owner\AppData\Local\Programs\MiKTeX 2.9\tex\generic\pgf\systemlayer\
pgfsysprotocol.code.tex"
File: pgfsysprotocol.code.tex 2006/10/16  (rcs-revision 1.4)
))
("C:\Users\Owner\AppData\Local\Programs\MiKTeX 2.9\tex\latex\xcolor\xcolor.sty"
Package: xcolor 2016/05/11 v2.12 LaTeX color extensions (UK)

("C:\Users\Owner\AppData\Local\Programs\MiKTeX 2.9\tex\latex\graphics-cfg\color
.cfg"
File: color.cfg 2016/01/02 v1.6 sample color configuration
)
Package xcolor Info: Driver file: pdftex.def on input line 225.
Package xcolor Info: Model `cmy' substituted by `cmy0' on input line 1348.
Package xcolor Info: Model `hsb' substituted by `rgb' on input line 1352.
Package xcolor Info: Model `RGB' extended on input line 1364.
Package xcolor Info: Model `HTML' substituted by `rgb' on input line 1366.
Package xcolor Info: Model `Hsb' substituted by `hsb' on input line 1367.
Package xcolor Info: Model `tHsb' substituted by `hsb' on input line 1368.
Package xcolor Info: Model `HSB' substituted by `hsb' on input line 1369.
Package xcolor Info: Model `Gray' substituted by `gray' on input line 1370.
Package xcolor Info: Model `wave' substituted by `hsb' on input line 1371.
)
("C:\Users\Owner\AppData\Local\Programs\MiKTeX 2.9\tex\generic\pgf\basiclayer\p
gfcore.code.tex"
Package: pgfcore 2010/04/11 v3.0.1a (rcs-revision 1.7)

("C:\Users\Owner\AppData\Local\Programs\MiKTeX 2.9\tex\generic\pgf\math\pgfmath
.code.tex"
("C:\Users\Owner\AppData\Local\Programs\MiKTeX 2.9\tex\generic\pgf\math\pgfmath
calc.code.tex"
("C:\Users\Owner\AppData\Local\Programs\MiKTeX 2.9\tex\generic\pgf\math\pgfmath
util.code.tex")
("C:\Users\Owner\AppData\Local\Programs\MiKTeX 2.9\tex\generic\pgf\math\pgfmath
parser.code.tex"
\pgfmath@dimen=\dimen134
\pgfmath@count=\count122
\pgfmath@box=\box33
\pgfmath@toks=\toks36
\pgfmath@stack@operand=\toks37
\pgfmath@stack@operation=\toks38
)
("C:\Users\Owner\AppData\Local\Programs\MiKTeX 2.9\tex\generic\pgf\math\pgfmath
functions.code.tex"
("C:\Users\Owner\AppData\Local\Programs\MiKTeX 2.9\tex\generic\pgf\math\pgfmath
functions.basic.code.tex")
("C:\Users\Owner\AppData\Local\Programs\MiKTeX 2.9\tex\generic\pgf\math\pgfmath
functions.trigonometric.code.tex")
("C:\Users\Owner\AppData\Local\Programs\MiKTeX 2.9\tex\generic\pgf\math\pgfmath
functions.random.code.tex")
("C:\Users\Owner\AppData\Local\Programs\MiKTeX 2.9\tex\generic\pgf\math\pgfmath
functions.comparison.code.tex")
("C:\Users\Owner\AppData\Local\Programs\MiKTeX 2.9\tex\generic\pgf\math\pgfmath
functions.base.code.tex")
("C:\Users\Owner\AppData\Local\Programs\MiKTeX 2.9\tex\generic\pgf\math\pgfmath
functions.round.code.tex")
("C:\Users\Owner\AppData\Local\Programs\MiKTeX 2.9\tex\generic\pgf\math\pgfmath
functions.misc.code.tex")
("C:\Users\Owner\AppData\Local\Programs\MiKTeX 2.9\tex\generic\pgf\math\pgfmath
functions.integerarithmetics.code.tex")))
("C:\Users\Owner\AppData\Local\Programs\MiKTeX 2.9\tex\generic\pgf\math\pgfmath
float.code.tex"
\c@pgfmathroundto@lastzeros=\count123
))
("C:\Users\Owner\AppData\Local\Programs\MiKTeX 2.9\tex\generic\pgf\basiclayer\p
gfcorepoints.code.tex"
File: pgfcorepoints.code.tex 2013/10/07  (rcs-revision 1.27)
\pgf@picminx=\dimen135
\pgf@picmaxx=\dimen136
\pgf@picminy=\dimen137
\pgf@picmaxy=\dimen138
\pgf@pathminx=\dimen139
\pgf@pathmaxx=\dimen140
\pgf@pathminy=\dimen141
\pgf@pathmaxy=\dimen142
\pgf@xx=\dimen143
\pgf@xy=\dimen144
\pgf@yx=\dimen145
\pgf@yy=\dimen146
\pgf@zx=\dimen147
\pgf@zy=\dimen148
)
("C:\Users\Owner\AppData\Local\Programs\MiKTeX 2.9\tex\generic\pgf\basiclayer\p
gfcorepathconstruct.code.tex"
File: pgfcorepathconstruct.code.tex 2013/10/07  (rcs-revision 1.29)
\pgf@path@lastx=\dimen149
\pgf@path@lasty=\dimen150
)
("C:\Users\Owner\AppData\Local\Programs\MiKTeX 2.9\tex\generic\pgf\basiclayer\p
gfcorepathusage.code.tex"
File: pgfcorepathusage.code.tex 2014/11/02  (rcs-revision 1.24)
\pgf@shorten@end@additional=\dimen151
\pgf@shorten@start@additional=\dimen152
)
("C:\Users\Owner\AppData\Local\Programs\MiKTeX 2.9\tex\generic\pgf\basiclayer\p
gfcorescopes.code.tex"
File: pgfcorescopes.code.tex 2015/05/08  (rcs-revision 1.46)
\pgfpic=\box34
\pgf@hbox=\box35
\pgf@layerbox@main=\box36
\pgf@picture@serial@count=\count124
)
("C:\Users\Owner\AppData\Local\Programs\MiKTeX 2.9\tex\generic\pgf\basiclayer\p
gfcoregraphicstate.code.tex"
File: pgfcoregraphicstate.code.tex 2014/11/02  (rcs-revision 1.12)
\pgflinewidth=\dimen153
)
("C:\Users\Owner\AppData\Local\Programs\MiKTeX 2.9\tex\generic\pgf\basiclayer\p
gfcoretransformations.code.tex"
File: pgfcoretransformations.code.tex 2015/08/07  (rcs-revision 1.20)
\pgf@pt@x=\dimen154
\pgf@pt@y=\dimen155
\pgf@pt@temp=\dimen156
)
("C:\Users\Owner\AppData\Local\Programs\MiKTeX 2.9\tex\generic\pgf\basiclayer\p
gfcorequick.code.tex"
File: pgfcorequick.code.tex 2008/10/09  (rcs-revision 1.3)
)
("C:\Users\Owner\AppData\Local\Programs\MiKTeX 2.9\tex\generic\pgf\basiclayer\p
gfcoreobjects.code.tex"
File: pgfcoreobjects.code.tex 2006/10/11  (rcs-revision 1.2)
)
("C:\Users\Owner\AppData\Local\Programs\MiKTeX 2.9\tex\generic\pgf\basiclayer\p
gfcorepathprocessing.code.tex"
File: pgfcorepathprocessing.code.tex 2013/09/09  (rcs-revision 1.9)
)
("C:\Users\Owner\AppData\Local\Programs\MiKTeX 2.9\tex\generic\pgf\basiclayer\p
gfcorearrows.code.tex"
File: pgfcorearrows.code.tex 2015/05/14  (rcs-revision 1.43)
\pgfarrowsep=\dimen157
)
("C:\Users\Owner\AppData\Local\Programs\MiKTeX 2.9\tex\generic\pgf\basiclayer\p
gfcoreshade.code.tex"
File: pgfcoreshade.code.tex 2013/07/15  (rcs-revision 1.15)
\pgf@max=\dimen158
\pgf@sys@shading@range@num=\count125
)
("C:\Users\Owner\AppData\Local\Programs\MiKTeX 2.9\tex\generic\pgf\basiclayer\p
gfcoreimage.code.tex"
File: pgfcoreimage.code.tex 2013/07/15  (rcs-revision 1.18)

("C:\Users\Owner\AppData\Local\Programs\MiKTeX 2.9\tex\generic\pgf\basiclayer\p
gfcoreexternal.code.tex"
File: pgfcoreexternal.code.tex 2014/07/09  (rcs-revision 1.21)
\pgfexternal@startupbox=\box37
))
("C:\Users\Owner\AppData\Local\Programs\MiKTeX 2.9\tex\generic\pgf\basiclayer\p
gfcorelayers.code.tex"
File: pgfcorelayers.code.tex 2013/07/18  (rcs-revision 1.7)
)
("C:\Users\Owner\AppData\Local\Programs\MiKTeX 2.9\tex\generic\pgf\basiclayer\p
gfcoretransparency.code.tex"
File: pgfcoretransparency.code.tex 2013/09/30  (rcs-revision 1.5)
)
("C:\Users\Owner\AppData\Local\Programs\MiKTeX 2.9\tex\generic\pgf\basiclayer\p
gfcorepatterns.code.tex"
File: pgfcorepatterns.code.tex 2013/11/07  (rcs-revision 1.5)
)))
("C:\Users\Owner\AppData\Local\Programs\MiKTeX 2.9\tex\generic\pgf\modules\pgfm
oduleshapes.code.tex"
File: pgfmoduleshapes.code.tex 2014/03/21  (rcs-revision 1.35)
\pgfnodeparttextbox=\box38
)
("C:\Users\Owner\AppData\Local\Programs\MiKTeX 2.9\tex\generic\pgf\modules\pgfm
oduleplot.code.tex"
File: pgfmoduleplot.code.tex 2015/08/03  (rcs-revision 1.13)
)
("C:\Users\Owner\AppData\Local\Programs\MiKTeX 2.9\tex\latex\pgf\compatibility\
pgfcomp-version-0-65.sty"
Package: pgfcomp-version-0-65 2007/07/03 v3.0.1a (rcs-revision 1.7)
\pgf@nodesepstart=\dimen159
\pgf@nodesepend=\dimen160
)
("C:\Users\Owner\AppData\Local\Programs\MiKTeX 2.9\tex\latex\pgf\compatibility\
pgfcomp-version-1-18.sty"
Package: pgfcomp-version-1-18 2007/07/23 v3.0.1a (rcs-revision 1.1)
))
("C:\Users\Owner\AppData\Local\Programs\MiKTeX 2.9\tex\latex\pgf\utilities\pgff
or.sty"
("C:\Users\Owner\AppData\Local\Programs\MiKTeX 2.9\tex\latex\pgf\utilities\pgfk
eys.sty"
("C:\Users\Owner\AppData\Local\Programs\MiKTeX 2.9\tex\generic\pgf\utilities\pg
fkeys.code.tex"))
("C:\Users\Owner\AppData\Local\Programs\MiKTeX 2.9\tex\latex\pgf\math\pgfmath.s
ty"
("C:\Users\Owner\AppData\Local\Programs\MiKTeX 2.9\tex\generic\pgf\math\pgfmath
.code.tex"))
("C:\Users\Owner\AppData\Local\Programs\MiKTeX 2.9\tex\generic\pgf\utilities\pg
ffor.code.tex"
Package: pgffor 2013/12/13 v3.0.1a (rcs-revision 1.25)

("C:\Users\Owner\AppData\Local\Programs\MiKTeX 2.9\tex\generic\pgf\math\pgfmath
.code.tex")
\pgffor@iter=\dimen161
\pgffor@skip=\dimen162
\pgffor@stack=\toks39
\pgffor@toks=\toks40
))
("C:\Users\Owner\AppData\Local\Programs\MiKTeX 2.9\tex\generic\pgf\frontendlaye
r\tikz\tikz.code.tex"
Package: tikz 2015/08/07 v3.0.1a (rcs-revision 1.151)

("C:\Users\Owner\AppData\Local\Programs\MiKTeX 2.9\tex\generic\pgf\libraries\pg
flibraryplothandlers.code.tex"
File: pgflibraryplothandlers.code.tex 2013/08/31 v3.0.1a (rcs-revision 1.20)
\pgf@plot@mark@count=\count126
\pgfplotmarksize=\dimen163
)
\tikz@lastx=\dimen164
\tikz@lasty=\dimen165
\tikz@lastxsaved=\dimen166
\tikz@lastysaved=\dimen167
\tikzleveldistance=\dimen168
\tikzsiblingdistance=\dimen169
\tikz@figbox=\box39
\tikz@figbox@bg=\box40
\tikz@tempbox=\box41
\tikz@tempbox@bg=\box42
\tikztreelevel=\count127
\tikznumberofchildren=\count128
\tikznumberofcurrentchild=\count129
\tikz@fig@count=\count130

("C:\Users\Owner\AppData\Local\Programs\MiKTeX 2.9\tex\generic\pgf\modules\pgfm
odulematrix.code.tex"
File: pgfmodulematrix.code.tex 2013/09/17  (rcs-revision 1.8)
\pgfmatrixcurrentrow=\count131
\pgfmatrixcurrentcolumn=\count132
\pgf@matrix@numberofcolumns=\count133
)
\tikz@expandcount=\count134

("C:\Users\Owner\AppData\Local\Programs\MiKTeX 2.9\tex\generic\pgf\frontendlaye
r\tikz\libraries\tikzlibrarytopaths.code.tex"
File: tikzlibrarytopaths.code.tex 2008/06/17 v3.0.1a (rcs-revision 1.2)
)))
("C:\Users\Owner\AppData\Local\Programs\MiKTeX 2.9\tex\generic\pgfplots\pgfplot
s.code.tex"
("C:\Users\Owner\AppData\Local\Programs\MiKTeX 2.9\tex\generic\pgfplots\pgfplot
score.code.tex"
\t@pgfplots@toka=\toks41
\t@pgfplots@tokb=\toks42
\t@pgfplots@tokc=\toks43
\pgfplots@tmpa=\dimen170
\c@pgfplots@coordindex=\count135
\c@pgfplots@scanlineindex=\count136

("C:\Users\Owner\AppData\Local\Programs\MiKTeX 2.9\tex\generic\pgfplots\sys\pgf
plotssysgeneric.code.tex"))
("C:\Users\Owner\AppData\Local\Programs\MiKTeX 2.9\tex\generic\pgfplots\libs\pg
fplotslibrary.code.tex")
("C:\Users\Owner\AppData\Local\Programs\MiKTeX 2.9\tex\generic\pgfplots\oldpgfc
ompatib\pgfplotsoldpgfsupp_loader.code.tex"
("C:\Users\Owner\AppData\Local\Programs\MiKTeX 2.9\tex\generic\pgf\libraries\pg
flibraryfpu.code.tex")
Package pgfplots: loading complementary arithmetics for your pgf version...

("C:\Users\Owner\AppData\Local\Programs\MiKTeX 2.9\tex\generic\pgfplots\oldpgfc
ompatib\pgfplotsoldpgfsupp_pgflibraryfpu.code.tex")
("C:\Users\Owner\AppData\Local\Programs\MiKTeX 2.9\tex\generic\pgfplots\oldpgfc
ompatib\pgfplotsoldpgfsupp_pgfmathfloat.code.tex"
\c@pgfmathroundto@lastzeros=\count137
))
("C:\Users\Owner\AppData\Local\Programs\MiKTeX 2.9\tex\generic\pgfplots\util\pg
fplotsutil.code.tex"
("C:\Users\Owner\AppData\Local\Programs\MiKTeX 2.9\tex\generic\pgfplots\liststr
ucture\pgfplotsliststructure.code.tex")
("C:\Users\Owner\AppData\Local\Programs\MiKTeX 2.9\tex\generic\pgfplots\liststr
ucture\pgfplotsliststructureext.code.tex")
("C:\Users\Owner\AppData\Local\Programs\MiKTeX 2.9\tex\generic\pgfplots\liststr
ucture\pgfplotsarray.code.tex"
\c@pgfplotsarray@tmp=\count138
)
("C:\Users\Owner\AppData\Local\Programs\MiKTeX 2.9\tex\generic\pgfplots\liststr
ucture\pgfplotsmatrix.code.tex")
("C:\Users\Owner\AppData\Local\Programs\MiKTeX 2.9\tex\generic\pgfplots\numtabl
e\pgfplotstableshared.code.tex"
\c@pgfplotstable@counta=\count139
\t@pgfplotstable@a=\toks44
)
("C:\Users\Owner\AppData\Local\Programs\MiKTeX 2.9\tex\generic\pgfplots\liststr
ucture\pgfplotsdeque.code.tex")
("C:\Users\Owner\AppData\Local\Programs\MiKTeX 2.9\tex\generic\pgfplots\util\pg
fplotsbinary.code.tex"
("C:\Users\Owner\AppData\Local\Programs\MiKTeX 2.9\tex\generic\pgfplots\util\pg
fplotsbinary.data.code.tex"))
("C:\Users\Owner\AppData\Local\Programs\MiKTeX 2.9\tex\generic\pgfplots\util\pg
fplotsutil.verb.code.tex")
("C:\Users\Owner\AppData\Local\Programs\MiKTeX 2.9\tex\generic\pgfplots\libs\pg
flibrarypgfplots.surfshading.code.tex"
\c@pgfplotslibrarysurf@no=\count140

("C:\Users\Owner\AppData\Local\Programs\MiKTeX 2.9\tex\generic\pgfplots\sys\pgf
librarypgfplots.surfshading.pgfsys-pdftex.def")))
("C:\Users\Owner\AppData\Local\Programs\MiKTeX 2.9\tex\generic\pgfplots\util\pg
fplotscolormap.code.tex"
("C:\Users\Owner\AppData\Local\Programs\MiKTeX 2.9\tex\generic\pgfplots\util\pg
fplotscolor.code.tex"))
("C:\Users\Owner\AppData\Local\Programs\MiKTeX 2.9\tex\generic\pgfplots\pgfplot
sstackedplots.code.tex")
("C:\Users\Owner\AppData\Local\Programs\MiKTeX 2.9\tex\generic\pgfplots\pgfplot
splothandlers.code.tex"
("C:\Users\Owner\AppData\Local\Programs\MiKTeX 2.9\tex\generic\pgfplots\pgfplot
smeshplothandler.code.tex"
("C:\Users\Owner\AppData\Local\Programs\MiKTeX 2.9\tex\generic\pgfplots\pgfplot
smeshplotimage.code.tex")))
("C:\Users\Owner\AppData\Local\Programs\MiKTeX 2.9\tex\generic\pgfplots\pgfplot
s.scaling.code.tex")
("C:\Users\Owner\AppData\Local\Programs\MiKTeX 2.9\tex\generic\pgfplots\pgfplot
scoordprocessing.code.tex")
("C:\Users\Owner\AppData\Local\Programs\MiKTeX 2.9\tex\generic\pgfplots\pgfplot
s.errorbars.code.tex")
("C:\Users\Owner\AppData\Local\Programs\MiKTeX 2.9\tex\generic\pgfplots\pgfplot
s.markers.code.tex")
("C:\Users\Owner\AppData\Local\Programs\MiKTeX 2.9\tex\generic\pgfplots\pgfplot
sticks.code.tex")
("C:\Users\Owner\AppData\Local\Programs\MiKTeX 2.9\tex\generic\pgfplots\pgfplot
s.paths.code.tex")
("C:\Users\Owner\AppData\Local\Programs\MiKTeX 2.9\tex\generic\pgf\frontendlaye
r\tikz\libraries\tikzlibrarydecorations.code.tex"
("C:\Users\Owner\AppData\Local\Programs\MiKTeX 2.9\tex\generic\pgf\modules\pgfm
oduledecorations.code.tex"
\pgfdecoratedcompleteddistance=\dimen171
\pgfdecoratedremainingdistance=\dimen172
\pgfdecoratedinputsegmentcompleteddistance=\dimen173
\pgfdecoratedinputsegmentremainingdistance=\dimen174
\pgf@decorate@distancetomove=\dimen175
\pgf@decorate@repeatstate=\count141
\pgfdecorationsegmentamplitude=\dimen176
\pgfdecorationsegmentlength=\dimen177
)
\tikz@lib@dec@box=\box43
)
("C:\Users\Owner\AppData\Local\Programs\MiKTeX 2.9\tex\generic\pgf\frontendlaye
r\tikz\libraries\tikzlibrarydecorations.pathmorphing.code.tex"
("C:\Users\Owner\AppData\Local\Programs\MiKTeX 2.9\tex\generic\pgf\libraries\de
corations\pgflibrarydecorations.pathmorphing.code.tex"))
("C:\Users\Owner\AppData\Local\Programs\MiKTeX 2.9\tex\generic\pgf\frontendlaye
r\tikz\libraries\tikzlibrarydecorations.pathreplacing.code.tex"
("C:\Users\Owner\AppData\Local\Programs\MiKTeX 2.9\tex\generic\pgf\libraries\de
corations\pgflibrarydecorations.pathreplacing.code.tex"))
\pgfplots@numplots=\count142
\pgfplots@xmin@reg=\dimen178
\pgfplots@xmax@reg=\dimen179
\pgfplots@ymin@reg=\dimen180
\pgfplots@ymax@reg=\dimen181
\pgfplots@zmin@reg=\dimen182
\pgfplots@zmax@reg=\dimen183
)
("C:\Users\Owner\AppData\Local\Programs\MiKTeX 2.9\tex\generic\pgf\frontendlaye
r\tikz\libraries\tikzlibraryplotmarks.code.tex"
File: tikzlibraryplotmarks.code.tex 2008/01/09 v3.0.1a (rcs-revision 1.1)

("C:\Users\Owner\AppData\Local\Programs\MiKTeX 2.9\tex\generic\pgf\libraries\pg
flibraryplotmarks.code.tex"
File: pgflibraryplotmarks.code.tex 2015/08/03 v3.0.1a (rcs-revision 1.14)
)))
("C:\Users\Owner\AppData\Local\Programs\MiKTeX 2.9\tex\latex\hyperref\hyperref.
sty"
Package: hyperref 2017/03/14 v6.85a Hypertext links for LaTeX

("C:\Users\Owner\AppData\Local\Programs\MiKTeX 2.9\tex\generic\oberdiek\hobsub-
hyperref.sty"
Package: hobsub-hyperref 2016/05/16 v1.14 Bundle oberdiek, subset hyperref (HO)


("C:\Users\Owner\AppData\Local\Programs\MiKTeX 2.9\tex\generic\oberdiek\hobsub-
generic.sty"
Package: hobsub-generic 2016/05/16 v1.14 Bundle oberdiek, subset generic (HO)
Package: hobsub 2016/05/16 v1.14 Construct package bundles (HO)
Package hobsub Info: Skipping package `infwarerr' (already loaded).
Package hobsub Info: Skipping package `ltxcmds' (already loaded).
Package: ifluatex 2016/05/16 v1.4 Provides the ifluatex switch (HO)
Package ifluatex Info: LuaTeX not detected.
Package: ifvtex 2016/05/16 v1.6 Detect VTeX and its facilities (HO)
Package ifvtex Info: VTeX not detected.
Package: intcalc 2016/05/16 v1.2 Expandable calculations with integers (HO)
Package: ifpdf 2017/03/15 v3.2 Provides the ifpdf switch
Package: etexcmds 2016/05/16 v1.6 Avoid name clashes with e-TeX commands (HO)
Package etexcmds Info: Could not find \expanded.
(etexcmds)             That can mean that you are not using pdfTeX 1.50 or
(etexcmds)             that some package has redefined \expanded.
(etexcmds)             In the latter case, load this package earlier.
Package: kvsetkeys 2016/05/16 v1.17 Key value parser (HO)
Package: kvdefinekeys 2016/05/16 v1.4 Define keys (HO)
Package: pdftexcmds 2017/03/19 v0.25 Utility functions of pdfTeX for LuaTeX (HO
)
Package pdftexcmds Info: LuaTeX not detected.
Package pdftexcmds Info: \pdf@primitive is available.
Package pdftexcmds Info: \pdf@ifprimitive is available.
Package pdftexcmds Info: \pdfdraftmode found.
Package: pdfescape 2016/05/16 v1.14 Implements pdfTeX's escape features (HO)
Package: bigintcalc 2016/05/16 v1.4 Expandable calculations on big integers (HO
)
Package: bitset 2016/05/16 v1.2 Handle bit-vector datatype (HO)
Package: uniquecounter 2016/05/16 v1.3 Provide unlimited unique counter (HO)
)
Package hobsub Info: Skipping package `hobsub' (already loaded).
Package: letltxmacro 2016/05/16 v1.5 Let assignment for LaTeX macros (HO)
Package: hopatch 2016/05/16 v1.3 Wrapper for package hooks (HO)
Package: xcolor-patch 2016/05/16 xcolor patch
Package: atveryend 2016/05/16 v1.9 Hooks at the very end of document (HO)
Package atveryend Info: \enddocument detected (standard20110627).
Package: atbegshi 2016/06/09 v1.18 At begin shipout hook (HO)
Package: refcount 2016/05/16 v3.5 Data extraction from label references (HO)
Package: hycolor 2016/05/16 v1.8 Color options for hyperref/bookmark (HO)
)
("C:\Users\Owner\AppData\Local\Programs\MiKTeX 2.9\tex\generic\ifxetex\ifxetex.
sty"
Package: ifxetex 2010/09/12 v0.6 Provides ifxetex conditional
)
("C:\Users\Owner\AppData\Local\Programs\MiKTeX 2.9\tex\latex\oberdiek\auxhook.s
ty"
Package: auxhook 2016/05/16 v1.4 Hooks for auxiliary files (HO)
)
("C:\Users\Owner\AppData\Local\Programs\MiKTeX 2.9\tex\latex\oberdiek\kvoptions
.sty"
Package: kvoptions 2016/05/16 v3.12 Key value format for package options (HO)
)
\@linkdim=\dimen184
\Hy@linkcounter=\count143
\Hy@pagecounter=\count144

("C:\Users\Owner\AppData\Local\Programs\MiKTeX 2.9\tex\latex\hyperref\pd1enc.de
f"
File: pd1enc.def 2017/03/14 v6.85a Hyperref: PDFDocEncoding definition (HO)
)
\Hy@SavedSpaceFactor=\count145

("C:\Users\Owner\AppData\Local\Programs\MiKTeX 2.9\tex\latex\00miktex\hyperref.
cfg"
File: hyperref.cfg 2002/06/06 v1.2 hyperref configuration of TeXLive
)
Package hyperref Info: Hyper figures OFF on input line 4498.
Package hyperref Info: Link nesting OFF on input line 4503.
Package hyperref Info: Hyper index ON on input line 4506.
Package hyperref Info: Plain pages OFF on input line 4513.
Package hyperref Info: Backreferencing OFF on input line 4518.
Package hyperref Info: Implicit mode ON; LaTeX internals redefined.
Package hyperref Info: Bookmarks ON on input line 4751.
\c@Hy@tempcnt=\count146
 ("C:\Users\Owner\AppData\Local\Programs\MiKTeX 2.9\tex\latex\url\url.sty"
\Urlmuskip=\muskip11
Package: url 2013/09/16  ver 3.4  Verb mode for urls, etc.
)
LaTeX Info: Redefining \url on input line 5104.
\XeTeXLinkMargin=\dimen185
\Fld@menulength=\count147
\Field@Width=\dimen186
\Fld@charsize=\dimen187
Package hyperref Info: Hyper figures OFF on input line 6358.
Package hyperref Info: Link nesting OFF on input line 6363.
Package hyperref Info: Hyper index ON on input line 6366.
Package hyperref Info: backreferencing OFF on input line 6373.
Package hyperref Info: Link coloring OFF on input line 6378.
Package hyperref Info: Link coloring with OCG OFF on input line 6383.
Package hyperref Info: PDF/A mode OFF on input line 6388.
LaTeX Info: Redefining \ref on input line 6428.
LaTeX Info: Redefining \pageref on input line 6432.
\Hy@abspage=\count148
\c@Item=\count149
\c@Hfootnote=\count150
)

Package hyperref Message: Driver (autodetected): hpdftex.


("C:\Users\Owner\AppData\Local\Programs\MiKTeX 2.9\tex\latex\hyperref\hpdftex.d
ef"
File: hpdftex.def 2017/03/14 v6.85a Hyperref driver for pdfTeX
\Fld@listcount=\count151
\c@bookmark@seq@number=\count152

("C:\Users\Owner\AppData\Local\Programs\MiKTeX 2.9\tex\latex\oberdiek\rerunfile
check.sty"
Package: rerunfilecheck 2016/05/16 v1.8 Rerun checks for auxiliary files (HO)
Package uniquecounter Info: New unique counter `rerunfilecheck' on input line 2
82.
)
\Hy@SectionHShift=\skip77
)
("C:\Users\Owner\AppData\Local\Programs\MiKTeX 2.9\tex\latex\enumitem\enumitem.
sty"
Package: enumitem 2011/09/28 v3.5.2 Customized lists
\labelindent=\skip78
\enit@outerparindent=\dimen188
\enit@toks=\toks45
\enit@inbox=\box44
\enitdp@description=\count153
)
("C:\Users\Owner\AppData\Local\Programs\MiKTeX 2.9\tex\latex\caption\subcaption
.sty"
Package: subcaption 2016/05/22 v1.1-161 Sub-captions (AR)

("C:\Users\Owner\AppData\Local\Programs\MiKTeX 2.9\tex\latex\caption\caption.st
y"
Package: caption 2016/02/21 v3.3-144 Customizing captions (AR)

("C:\Users\Owner\AppData\Local\Programs\MiKTeX 2.9\tex\latex\caption\caption3.s
ty"
Package: caption3 2016/05/22 v1.7-166 caption3 kernel (AR)
Package caption3 Info: TeX engine: e-TeX on input line 67.
\captionmargin=\dimen189
\captionmargin@=\dimen190
\captionwidth=\dimen191
\caption@tempdima=\dimen192
\caption@indent=\dimen193
\caption@parindent=\dimen194
\caption@hangindent=\dimen195
)
Package caption Info: KOMA-Script document class.
\c@ContinuedFloat=\count154
Package caption Info: float package is loaded.
Package caption Info: hyperref package is loaded.
)
\c@subfigure=\count155
\c@subtable=\count156
)
("C:\Users\Owner\AppData\Local\Programs\MiKTeX 2.9\tex\latex\multirow\multirow.
sty"
Package: multirow 2016/11/25 v2.2 Span multiple rows of a table
\multirow@colwidth=\skip79
\multirow@cntb=\count157
\multirow@dima=\skip80
\bigstrutjot=\dimen196
)
("C:\Users\Owner\AppData\Local\Programs\MiKTeX 2.9\tex\latex\tkz-graph\tkz-grap
h.sty"
Package: tkz-graph 2011/06/01 ctan v 1.00 base for graphs

("C:\Users\Owner\AppData\Local\Programs\MiKTeX 2.9\tex\latex\etex-pkg\etex.sty"
Package: etex 2016/08/01 v2.7 eTeX basic definition package (PEB,DPC)
\et@xins=\count158
)
("C:\Users\Owner\AppData\Local\Programs\MiKTeX 2.9\tex\latex\xkeyval\xkeyval.st
y"
Package: xkeyval 2014/12/03 v2.7a package option processing (HA)

("C:\Users\Owner\AppData\Local\Programs\MiKTeX 2.9\tex\generic\xkeyval\xkeyval.
tex"
("C:\Users\Owner\AppData\Local\Programs\MiKTeX 2.9\tex\generic\xkeyval\xkvutils
.tex"
\XKV@toks=\toks46
\XKV@tempa@toks=\toks47
)
\XKV@depth=\count159
File: xkeyval.tex 2014/12/03 v2.7a key=value parser (HA)
))
("C:\Users\Owner\AppData\Local\Programs\MiKTeX 2.9\tex\generic\pgf\frontendlaye
r\tikz\libraries\tikzlibraryarrows.code.tex"
File: tikzlibraryarrows.code.tex 2008/01/09 v3.0.1a (rcs-revision 1.1)

("C:\Users\Owner\AppData\Local\Programs\MiKTeX 2.9\tex\generic\pgf\libraries\pg
flibraryarrows.code.tex"
File: pgflibraryarrows.code.tex 2013/09/23 v3.0.1a (rcs-revision 1.16)
\arrowsize=\dimen197
))
\c@tkz@gr@a=\count160
\c@tkz@gr@b=\count161
\c@tkz@gr@c=\count162
\c@tkz@gr@e=\count163
\c@tkz@gr@d=\count164
\c@tkz@gr@p=\count165
\c@tkz@gr@i=\count166
\c@tkz@gr@n=\count167
\c@tkz@gr@ta=\count168
\c@tkz@gr@tb=\count169
)
("C:\Users\Owner\AppData\Local\Programs\MiKTeX 2.9\tex\latex\adjustbox\adjustbo
x.sty"
Package: adjustbox 2012/05/21 v1.0 Adjusting TeX boxes (trim, clip, ...)

("C:\Users\Owner\AppData\Local\Programs\MiKTeX 2.9\tex\latex\adjustbox\adjcalc.
sty"
Package: adjcalc 2012/05/16 v1.1 Provides advanced setlength with multiple back
-ends (calc, etex, pgfmath)
)
("C:\Users\Owner\AppData\Local\Programs\MiKTeX 2.9\tex\latex\adjustbox\trimclip
.sty"
Package: trimclip 2012/05/16 v1.0 Trim and clip general TeX material

("C:\Users\Owner\AppData\Local\Programs\MiKTeX 2.9\tex\latex\collectbox\collect
box.sty"
Package: collectbox 2012/05/17 v0.4b Collect macro arguments as boxes
\collectedbox=\box45
)
\tc@llx=\dimen198
\tc@lly=\dimen199
Normal \dimen register pool exhausted, switching to extended pool.
\tc@urx=\dimen256
\tc@ury=\dimen257
Package trimclip Info: Using driver 'tc-pdftex.def'.

("C:\Users\Owner\AppData\Local\Programs\MiKTeX 2.9\tex\latex\adjustbox\tc-pdfte
x.def"
File: tc-pdftex.def 2012/05/13 v1.0 Clipping driver for pdftex
))
\adjbox@Width=\dimen258
\adjbox@Height=\dimen259
\adjbox@Depth=\dimen260
\adjbox@Totalheight=\dimen261

("C:\Users\Owner\AppData\Local\Programs\MiKTeX 2.9\tex\latex\ifoddpage\ifoddpag
e.sty"
Package: ifoddpage 2016/04/23 v1.1 Conditionals for odd/even page detection
\c@checkoddpage=\count170
)
("C:\Users\Owner\AppData\Local\Programs\MiKTeX 2.9\tex\latex\ltxmisc\varwidth.s
ty"
Package: varwidth 2009/03/30 ver 0.92;  Variable-width minipages
\@vwid@box=\box46
\sift@deathcycles=\count171
\@vwid@loff=\dimen262
\@vwid@roff=\dimen263
))
("C:\Users\Owner\AppData\Local\Programs\MiKTeX 2.9\tex\latex\cancel\cancel.sty"
Package: cancel 2013/04/12 v2.2 Cancel math terms
)
\enitdp@filedescription=\count172
\enitdp@paramdescription=\count173
LaTeX Font Info:    Redeclaring math alphabet \mathcal on input line 90.
LaTeX Font Info:    Overwriting math alphabet `\mathcal' in version `normal'
(Font)                  FMS/futm/m/n --> OMS/cmsy/m/n on input line 90.
LaTeX Font Info:    Overwriting math alphabet `\mathcal' in version `bold'
(Font)                  FMS/futm/m/n --> OMS/cmsy/m/n on input line 90.
 (README.aux

LaTeX Warning: Label `fig:simple' multiply defined.


LaTeX Warning: Label `tab:title' multiply defined.


LaTeX Warning: Label `fig:simple' multiply defined.


LaTeX Warning: Label `fig:simple' multiply defined.


LaTeX Warning: Label `fig:simple' multiply defined.


LaTeX Warning: Label `fig:simple' multiply defined.


LaTeX Warning: Label `tab:title' multiply defined.

)
\openout1 = `README.aux'.

LaTeX Font Info:    Checking defaults for OML/cmm/m/it on input line 111.
LaTeX Font Info:    ... okay on input line 111.
LaTeX Font Info:    Checking defaults for T1/cmr/m/n on input line 111.
LaTeX Font Info:    ... okay on input line 111.
LaTeX Font Info:    Checking defaults for OT1/cmr/m/n on input line 111.
LaTeX Font Info:    ... okay on input line 111.
LaTeX Font Info:    Checking defaults for OMS/cmsy/m/n on input line 111.
LaTeX Font Info:    ... okay on input line 111.
LaTeX Font Info:    Checking defaults for OMX/cmex/m/n on input line 111.
LaTeX Font Info:    ... okay on input line 111.
LaTeX Font Info:    Checking defaults for U/cmr/m/n on input line 111.
LaTeX Font Info:    ... okay on input line 111.
LaTeX Font Info:    Checking defaults for FML/futm/m/it on input line 111.
LaTeX Font Info:    Try loading font information for FML+futm on input line 111
.

("C:\Users\Owner\AppData\Local\Programs\MiKTeX 2.9\tex\latex\fourier\fmlfutm.fd
"
File: fmlfutm.fd 2004/10/30 Fontinst v1.926 font definitions for FML/futm.
)
LaTeX Font Info:    ... okay on input line 111.
LaTeX Font Info:    Checking defaults for FMS/futm/m/n on input line 111.
LaTeX Font Info:    Try loading font information for FMS+futm on input line 111
.

("C:\Users\Owner\AppData\Local\Programs\MiKTeX 2.9\tex\latex\fourier\fmsfutm.fd
"
File: fmsfutm.fd 2004/10/30 Fontinst v1.926 font definitions for FMS/futm.
)
LaTeX Font Info:    ... okay on input line 111.
LaTeX Font Info:    Checking defaults for FMX/futm/m/n on input line 111.
LaTeX Font Info:    Try loading font information for FMX+futm on input line 111
.

("C:\Users\Owner\AppData\Local\Programs\MiKTeX 2.9\tex\latex\fourier\fmxfutm.fd
"
File: fmxfutm.fd futm-extension
)
LaTeX Font Info:    ... okay on input line 111.
LaTeX Font Info:    Checking defaults for TS1/cmr/m/n on input line 111.
LaTeX Font Info:    Try loading font information for TS1+cmr on input line 111.

 ("C:\Users\Owner\AppData\Local\Programs\MiKTeX 2.9\tex\latex\base\ts1cmr.fd"
File: ts1cmr.fd 2014/09/29 v2.5h Standard LaTeX font definitions
)
LaTeX Font Info:    ... okay on input line 111.
LaTeX Font Info:    Checking defaults for PD1/pdf/m/n on input line 111.
LaTeX Font Info:    ... okay on input line 111.
LaTeX Font Info:    Try loading font information for T1+futs on input line 111.

 ("C:\Users\Owner\AppData\Local\Programs\MiKTeX 2.9\tex\latex\fourier\t1futs.fd
"
File: t1futs.fd 2004/03/02 Fontinst v1.926 font definitions for T1/futs.
)
("C:\Users\Owner\AppData\Local\Programs\MiKTeX 2.9\tex\context\base\supp-pdf.mk
ii"
[Loading MPS to PDF converter (version 2006.09.02).]
\scratchcounter=\count174
\scratchdimen=\dimen264
\scratchbox=\box47
\nofMPsegments=\count175
\nofMParguments=\count176
\everyMPshowfont=\toks48
\MPscratchCnt=\count177
\MPscratchDim=\dimen265
\MPnumerator=\count178
\makeMPintoPDFobject=\count179
\everyMPtoPDFconversion=\toks49
)
("C:\Users\Owner\AppData\Local\Programs\MiKTeX 2.9\tex\latex\oberdiek\epstopdf-
base.sty"
Package: epstopdf-base 2016/05/15 v2.6 Base part for package epstopdf

("C:\Users\Owner\AppData\Local\Programs\MiKTeX 2.9\tex\latex\oberdiek\grfext.st
y"
Package: grfext 2016/05/16 v1.2 Manage graphics extensions (HO)
)
Package epstopdf-base Info: Redefining graphics rule for `.eps' on input line 4
38.
Package grfext Info: Graphics extension search list:
(grfext)             [.png,.pdf,.jpg,.mps,.jpeg,.jbig2,.jb2,.PNG,.PDF,.JPG,.JPE
G,.JBIG2,.JB2,.eps]
(grfext)             \AppendGraphicsExtensions on input line 456.
) ABD: EveryShipout initializing macros
Package pgfplots notification 'compat/show suggested version=true': document ha
s been generated with the most recent feature set (\pgfplotsset{compat=1.14}).

\AtBeginShipoutBox=\box48
Package hyperref Info: Link coloring OFF on input line 111.

("C:\Users\Owner\AppData\Local\Programs\MiKTeX 2.9\tex\latex\hyperref\nameref.s
ty"
Package: nameref 2016/05/21 v2.44 Cross-referencing by name of section

("C:\Users\Owner\AppData\Local\Programs\MiKTeX 2.9\tex\generic\oberdiek\gettitl
estring.sty"
Package: gettitlestring 2016/05/16 v1.5 Cleanup title references (HO)
)
\c@section@level=\count180
)
LaTeX Info: Redefining \ref on input line 111.
LaTeX Info: Redefining \pageref on input line 111.
LaTeX Info: Redefining \nameref on input line 111.
 (README.out) (README.out)
\@outlinefile=\write4
\openout4 = `README.out'.

Package caption Info: Begin \AtBeginDocument code.
Package caption Info: End \AtBeginDocument code.
LaTeX Font Info:    Try loading font information for T1+cmss on input line 114.


("C:\Users\Owner\AppData\Local\Programs\MiKTeX 2.9\tex\latex\base\t1cmss.fd"
File: t1cmss.fd 2014/09/29 v2.5h Standard LaTeX font definitions
)
LaTeX Font Info:    Try loading font information for FML+futmi on input line 11
4.

("C:\Users\Owner\AppData\Local\Programs\MiKTeX 2.9\tex\latex\fourier\fmlfutmi.f
d"
File: fmlfutmi.fd 2004/10/30 Fontinst v1.926 font definitions for FML/futmi.
)
LaTeX Font Info:    Font shape `FMX/futm/m/n' will be
(Font)              scaled to size 13.24796pt on input line 114.
LaTeX Font Info:    Font shape `FMX/futm/m/n' will be
(Font)              scaled to size 9.19998pt on input line 114.
LaTeX Font Info:    Font shape `FMX/futm/m/n' will be
(Font)              scaled to size 7.35999pt on input line 114.
LaTeX Font Info:    Font shape `U/futm/m/n' will be
(Font)              scaled to size 13.24796pt on input line 114.
LaTeX Font Info:    Font shape `U/futm/m/n' will be
(Font)              scaled to size 9.19998pt on input line 114.
LaTeX Font Info:    Font shape `U/futm/m/n' will be
(Font)              scaled to size 7.35999pt on input line 114.
LaTeX Font Info:    Try loading font information for U+msa on input line 114.

("C:\Users\Owner\AppData\Local\Programs\MiKTeX 2.9\tex\latex\amsfonts\umsa.fd"
File: umsa.fd 2013/01/14 v3.01 AMS symbols A
)
LaTeX Font Info:    Try loading font information for U+msb on input line 114.
("C:\Users\Owner\AppData\Local\Programs\MiKTeX 2.9\tex\latex\amsfonts\umsb.fd"
File: umsb.fd 2013/01/14 v3.01 AMS symbols B
)
LaTeX Font Info:    Font shape `T1/futs/bx/n' in size <10.95> not available
(Font)              Font shape `T1/futs/b/n' tried instead on input line 126.
LaTeX Font Info:    Font shape `T1/futs/bx/it' in size <10.95> not available
(Font)              Font shape `T1/futs/b/it' tried instead on input line 126.

Overfull \hbox (4.2821pt too wide) in paragraph at lines 134--135
[]\T1/futs/m/n/10.95 directory which con-tains im-ple-men-ta-tion of part 2 and
 pro-vided files in-clud-ing skele-
 []

[1


{C:/Users/Owner/AppData/Local/MiKTeX/2.9/pdftex/config/pdftex.map}]
LaTeX Font Info:    Font shape `FMX/futm/m/n' will be
(Font)              scaled to size 10.07397pt on input line 164.
LaTeX Font Info:    Font shape `FMX/futm/m/n' will be
(Font)              scaled to size 7.63599pt on input line 164.
LaTeX Font Info:    Font shape `FMX/futm/m/n' will be
(Font)              scaled to size 5.51999pt on input line 164.
LaTeX Font Info:    Font shape `U/futm/m/n' will be
(Font)              scaled to size 10.07397pt on input line 164.
LaTeX Font Info:    Font shape `U/futm/m/n' will be
(Font)              scaled to size 7.63599pt on input line 164.
LaTeX Font Info:    Font shape `U/futm/m/n' will be
(Font)              scaled to size 5.51999pt on input line 164.
LaTeX Font Info:    Font shape `T1/futs/bx/n' in size <8.3> not available
(Font)              Font shape `T1/futs/b/n' tried instead on input line 165.
LaTeX Font Info:    Font shape `T1/futs/bx/n' in size <6> not available
(Font)              Font shape `T1/futs/b/n' tried instead on input line 165.

Underfull \hbox (badness 10000) in paragraph at lines 168--170

 []

<periodogram-mean.png, id=91, 686.565pt x 602.25pt>
File: periodogram-mean.png Graphic file (type png)
 <use periodogram-mean.png>
Package pdftex.def Info: periodogram-mean.png used on input line 187.
(pdftex.def)             Requested size: 418.25555pt x 366.8849pt.

[2]
Underfull \hbox (badness 10000) in paragraph at lines 200--202

 []


Underfull \hbox (badness 10000) in paragraph at lines 209--210

 []

[3 <./periodogram-mean.png (PNG copy)>]

LaTeX Warning: Citation `oztireli2012analysis' on page 4 undefined on input lin
e 211.

LaTeX Font Info:    Try loading font information for TS1+futs on input line 214
.
("C:\Users\Owner\AppData\Local\Programs\MiKTeX 2.9\tex\latex\fourier\ts1futs.fd
"
File: ts1futs.fd 2004/03/26 Fontinst v1.926 font definitions for TS1/futs.
)

LaTeX Warning: Citation `lagae2008comparison' on page 4 undefined on input line
 214.


LaTeX Warning: Citation `gamito2009accurate' on page 4 undefined on input line 
221.

<pcf.png, id=112, 705.63625pt x 515.9275pt>
File: pcf.png Graphic file (type png)
 <use pcf.png>
Package pdftex.def Info: pcf.png used on input line 245.
(pdftex.def)             Requested size: 418.25555pt x 305.81161pt.
 [4]
Underfull \hbox (badness 10000) in paragraph at lines 256--257

 []


LaTeX Warning: Citation `oztireli2012analysis' on page 5 undefined on input lin
e 258.

<periodogram-1.png, id=120, 562.1pt x 421.575pt>
File: periodogram-1.png Graphic file (type png)
 <use periodogram-1.png>
Package pdftex.def Info: periodogram-1.png used on input line 268.
(pdftex.def)             Requested size: 418.25555pt x 313.69101pt.

[5 <./pcf.png (PNG copy)>]
Underfull \hbox (badness 10000) in paragraph at lines 273--274

 []


LaTeX Warning: Citation `oztireli2012analysis' on page 6 undefined on input lin
e 275.


Underfull \hbox (badness 10000) in paragraph at lines 275--276

 []

[6 <./periodogram-1.png (PNG copy)>]
LaTeX Font Info:    Font shape `T1/futs/bx/n' in size <14.4> not available
(Font)              Font shape `T1/futs/b/n' tried instead on input line 310.

Underfull \hbox (badness 10000) in paragraph at lines 331--333

 []


Underfull \hbox (badness 10000) in paragraph at lines 372--373

 []

[7] [8]
LaTeX Font Info:    Font shape `FMX/futm/m/n' will be
(Font)              scaled to size 6.99199pt on input line 460.
LaTeX Font Info:    Font shape `T1/futs/bx/n' in size <10> not available
(Font)              Font shape `T1/futs/b/n' tried instead on input line 460.
LaTeX Font Info:    Font shape `T1/futs/bx/n' in size <7.6> not available
(Font)              Font shape `T1/futs/b/n' tried instead on input line 460.
LaTeX Font Info:    Font shape `U/futm/m/n' will be
(Font)              scaled to size 6.99199pt on input line 460.
 [9]

LaTeX Warning: Citation `boykov2001interactive' on page 10 undefined on input l
ine 643.

<JCVD.png, id=154, 772.8875pt x 392.46625pt>
File: JCVD.png Graphic file (type png)
 <use JCVD.png>
Package pdftex.def Info: JCVD.png used on input line 665.
(pdftex.def)             Requested size: 167.29967pt x 84.95349pt.

<JCVD-obj-color-histogram.png, id=155, 562.1pt x 421.575pt>
File: JCVD-obj-color-histogram.png Graphic file (type png)

<use JCVD-obj-color-histogram.png>
Package pdftex.def Info: JCVD-obj-color-histogram.png used on input line 671.
(pdftex.def)             Requested size: 104.56389pt x 78.42114pt.

<JCVD-bkg-color-histogram.png, id=156, 562.1pt x 421.575pt>
File: JCVD-bkg-color-histogram.png Graphic file (type png)

<use JCVD-bkg-color-histogram.png>
Package pdftex.def Info: JCVD-bkg-color-histogram.png used on input line 677.
(pdftex.def)             Requested size: 104.56389pt x 78.42114pt.
 [10 <./JCVD.png (PNG copy)> <./JCVD-obj-color-histogram.png (PNG copy)> <./JCV
D-bkg-color-histogram.png (PNG copy)>]
Underfull \hbox (badness 10000) in paragraph at lines 702--703

 []

<JCVD-sourcecost-lambda-1.png, id=170, 772.8875pt x 392.46625pt>
File: JCVD-sourcecost-lambda-1.png Graphic file (type png)

<use JCVD-sourcecost-lambda-1.png>
Package pdftex.def Info: JCVD-sourcecost-lambda-1.png used on input line 721.
(pdftex.def)             Requested size: 188.21371pt x 95.57118pt.

<JCVD-sinkcost-lambda-1.png, id=171, 772.8875pt x 392.46625pt>
File: JCVD-sinkcost-lambda-1.png Graphic file (type png)

<use JCVD-sinkcost-lambda-1.png>
Package pdftex.def Info: JCVD-sinkcost-lambda-1.png used on input line 727.
(pdftex.def)             Requested size: 188.21371pt x 95.57118pt.
 [11 <./JCVD-sourcecost-lambda-1.png (PNG copy)> <./JCVD-sinkcost-lambda-1.png 
(PNG copy)>]
<JCVD-labels-lambda-1.png, id=182, 772.8875pt x 392.46625pt>
File: JCVD-labels-lambda-1.png Graphic file (type png)

<use JCVD-labels-lambda-1.png>
Package pdftex.def Info: JCVD-labels-lambda-1.png used on input line 763.
(pdftex.def)             Requested size: 334.60571pt x 169.90698pt.

<JCVD-eth-lambda-1.png, id=183, 772.8875pt x 392.46625pt>
File: JCVD-eth-lambda-1.png Graphic file (type png)

<use JCVD-eth-lambda-1.png>
Package pdftex.def Info: JCVD-eth-lambda-1.png used on input line 776.
(pdftex.def)             Requested size: 334.60571pt x 169.90698pt.

Underfull \hbox (badness 10000) in paragraph at lines 783--784

 []

[12 <./JCVD-labels-lambda-1.png (PNG copy)> <./JCVD-eth-lambda-1.png (PNG copy)
>]
File: JCVD.png Graphic file (type png)
 <use JCVD.png>
Package pdftex.def Info: JCVD.png used on input line 806.
(pdftex.def)             Requested size: 188.21371pt x 95.57118pt.
 <JCVD-lambda-1.png, id=193, 772.8875pt x 392.46625pt>
File: JCVD-lambda-1.png Graphic file (type png)

<use JCVD-lambda-1.png>
Package pdftex.def Info: JCVD-lambda-1.png used on input line 812.
(pdftex.def)             Requested size: 188.21371pt x 95.57118pt.

<JCVD-lambda-1e-4.png, id=194, 772.8875pt x 392.46625pt>
File: JCVD-lambda-1e-4.png Graphic file (type png)

<use JCVD-lambda-1e-4.png>
Package pdftex.def Info: JCVD-lambda-1e-4.png used on input line 818.
(pdftex.def)             Requested size: 188.21371pt x 95.57118pt.

<JCVD-lambda-1e-8.png, id=195, 772.8875pt x 392.46625pt>
File: JCVD-lambda-1e-8.png Graphic file (type png)

<use JCVD-lambda-1e-8.png>
Package pdftex.def Info: JCVD-lambda-1e-8.png used on input line 824.
(pdftex.def)             Requested size: 188.21371pt x 95.57118pt.
 <batman.png, id=196, 752.8125pt x 421.575pt>
File: batman.png Graphic file (type png)

<use batman.png>
Package pdftex.def Info: batman.png used on input line 835.
(pdftex.def)             Requested size: 188.21371pt x 105.39992pt.
 <batman-lambda-1.png, id=197, 752.8125pt x 421.575pt>
File: batman-lambda-1.png Graphic file (type png)

<use batman-lambda-1.png>
Package pdftex.def Info: batman-lambda-1.png used on input line 841.
(pdftex.def)             Requested size: 188.21371pt x 105.39992pt.

<batman-lambda-2e-3.png, id=198, 752.8125pt x 421.575pt>
File: batman-lambda-2e-3.png Graphic file (type png)

<use batman-lambda-2e-3.png>
Package pdftex.def Info: batman-lambda-2e-3.png used on input line 848.
(pdftex.def)             Requested size: 188.21371pt x 105.39992pt.

<batman-lambda-1e-6.png, id=199, 752.8125pt x 421.575pt>
File: batman-lambda-1e-6.png Graphic file (type png)

<use batman-lambda-1e-6.png>
Package pdftex.def Info: batman-lambda-1e-6.png used on input line 854.
(pdftex.def)             Requested size: 188.21371pt x 105.39992pt.
 [13 <./JCVD-lambda-1.png (PNG copy)> <./JCVD-lambda-1e-4.png (PNG copy)> <./JC
VD-lambda-1e-8.png (PNG copy)>]
File: JCVD-eth-lambda-1.png Graphic file (type png)

<use JCVD-eth-lambda-1.png>
Package pdftex.def Info: JCVD-eth-lambda-1.png used on input line 867.
(pdftex.def)             Requested size: 188.21371pt x 95.57118pt.

<batman-eth-lambda-1.png, id=213, 752.8125pt x 421.575pt>
File: batman-eth-lambda-1.png Graphic file (type png)

<use batman-eth-lambda-1.png>
Package pdftex.def Info: batman-eth-lambda-1.png used on input line 873.
(pdftex.def)             Requested size: 188.21371pt x 105.39992pt.
 [14 <./batman.png (PNG copy)> <./batman-lambda-1.png (PNG copy)> <./batman-lam
bda-2e-3.png (PNG copy)> <./batman-lambda-1e-6.png (PNG copy)> <./batman-eth-la
mbda-1.png (PNG copy)>]
<upton.png, id=220, 582.175pt x 646.415pt>
File: upton.png Graphic file (type png)
 <use upton.png>
Package pdftex.def Info: upton.png used on input line 888.
(pdftex.def)             Requested size: 125.47794pt x 139.32173pt.

<upton-lambda-1.png, id=221, 582.175pt x 646.415pt>
File: upton-lambda-1.png Graphic file (type png)
 <use upton-lambda-1.png>
Package pdftex.def Info: upton-lambda-1.png used on input line 894.
(pdftex.def)             Requested size: 125.47794pt x 139.32173pt.

<upton-cab-lambda-1.png, id=222, 582.175pt x 646.415pt>
File: upton-cab-lambda-1.png Graphic file (type png)

<use upton-cab-lambda-1.png>
Package pdftex.def Info: upton-cab-lambda-1.png used on input line 900.
(pdftex.def)             Requested size: 125.47794pt x 139.32173pt.
 (README.bbl) [15 <./upton.png (PNG copy)> <./upton-lambda-1.png (PNG copy)> <.
/upton-cab-lambda-1.png (PNG copy)>]
Package atveryend Info: Empty hook `BeforeClearDocument' on input line 925.
Package atveryend Info: Empty hook `AfterLastShipout' on input line 925.
 (README.aux)
Package atveryend Info: Executing hook `AtVeryEndDocument' on input line 925.
Package atveryend Info: Executing hook `AtEndAfterFileList' on input line 925.


Package rerunfilecheck Warning: File `README.out' has changed.
(rerunfilecheck)                Rerun to get outlines right
(rerunfilecheck)                or use package `bookmark'.

Package rerunfilecheck Info: Checksums for `README.out':
(rerunfilecheck)             Before: C5A95B8D7B3454D7B0BB956A5DE965B8;1312
(rerunfilecheck)             After:  52ED83C009C5D0E709CED79ED1041891;1576.

LaTeX Warning: There were undefined references.


LaTeX Warning: There were multiply-defined labels.

Package atveryend Info: Empty hook `AtVeryVeryEnd' on input line 925.
 ) 
Here is how much of TeX's memory you used:
 34022 strings out of 493328
 782418 string characters out of 3130073
 1138188 words of memory out of 3000000
 36796 multiletter control sequences out of 15000+200000
 137361 words of font info for 148 fonts, out of 3000000 for 9000
 1141 hyphenation exceptions out of 8191
 73i,17n,120p,8819b,1373s stack positions out of 5000i,500n,10000p,200000b,50000s
pdfTeX warning (dest): name{subsection.2.3} has been referenced but does not 
exist, replaced by a fixed one

pdfTeX warning (dest): name{subsubsection.2.0.1} has been referenced but does n
ot exist, replaced by a fixed one

pdfTeX warning (dest): name{subsubsection.1.4.3} has been referenced but does n
ot exist, replaced by a fixed one

pdfTeX warning (dest): name{subsubsection.1.4.2} has been referenced but does n
ot exist, replaced by a fixed one

pdfTeX warning (dest): name{subsubsection.1.4.1} has been referenced but does n
ot exist, replaced by a fixed one

pdfTeX warning (dest): name{subsection.1.4} has been referenced but does not ex
ist, replaced by a fixed one

pdfTeX warning (dest): name{subsubsection.1.3.3} has been referenced but does n
ot exist, replaced by a fixed one

pdfTeX warning (dest): name{subsubsection.1.3.2} has been referenced but does n
ot exist, replaced by a fixed one

pdfTeX warning (dest): name{subsubsection.1.3.1} has been referenced but does n
ot exist, replaced by a fixed one

{C:/Users/Owner/AppData/Local/Programs/MiKTeX 2.9/fonts/enc/dvips/base/8r.enc}<
C:/Users/Owner/AppData/Local/Programs/MiKTeX 2.9/fonts/type1/public/amsfonts/cm
/cmsy10.pfb><C:/Users/Owner/AppData/Local/Programs/MiKTeX 2.9/fonts/type1/publi
c/fourier/fourier-mex.pfb><C:/Users/Owner/AppData/Local/Programs/MiKTeX 2.9/fon
ts/type1/public/fourier/fourier-ml.pfb><C:/Users/Owner/AppData/Local/Programs/M
iKTeX 2.9/fonts/type1/public/fourier/fourier-mlit.pfb><C:/Users/Owner/AppData/L
ocal/Programs/MiKTeX 2.9/fonts/type1/public/fourier/fourier-ms.pfb><C:/Users/Ow
ner/AppData/Local/Programs/MiKTeX 2.9/fonts/type1/public/amsfonts/latxfont/line
10.pfb><C:/Users/Owner/AppData/Local/Programs/MiKTeX 2.9/fonts/type1/adobe/utop
ia/putb8a.pfb><C:/Users/Owner/AppData/Local/Programs/MiKTeX 2.9/fonts/type1/ado
be/utopia/putbi8a.pfb><C:/Users/Owner/AppData/Local/Programs/MiKTeX 2.9/fonts/t
ype1/adobe/utopia/putr8a.pfb><C:/Users/Owner/AppData/Local/Programs/MiKTeX 2.9/
fonts/type1/adobe/utopia/putri8a.pfb>
Output written on README.pdf (15 pages, 3096201 bytes).
PDF statistics:
 283 PDF objects out of 1000 (max. 8388607)
 88 named destinations out of 1000 (max. 500000)
 270 words of extra memory for PDF output out of 10000 (max. 10000000)

